[INFO] Scanning for projects...
[INFO] 
[INFO] -------------------< com.demo.restapi:demo-rest-api >-------------------
[INFO] Building demo-rest-api 0.0.1-SNAPSHOT
[INFO]   from pom.xml
[INFO] --------------------------------[ jar ]---------------------------------
[INFO] 
[INFO] >>> spring-boot:3.3.4:run (default-cli) > test-compile @ demo-rest-api >>>
[INFO] 
[INFO] --- resources:3.3.1:resources (default-resources) @ demo-rest-api ---
[INFO] Copying 1 resource from src\main\resources to target\classes
[INFO] Copying 0 resource from src\main\resources to target\classes
[INFO] 
[INFO] --- compiler:3.13.0:compile (default-compile) @ demo-rest-api ---
[INFO] Nothing to compile - all classes are up to date.
[INFO] 
[INFO] --- resources:3.3.1:testResources (default-testResources) @ demo-rest-api ---
[INFO] skip non existing resourceDirectory C:\Users\Wing\git\springboot\demo-rest-api\src\test\resources
[INFO] 
[INFO] --- compiler:3.13.0:testCompile (default-testCompile) @ demo-rest-api ---
[INFO] Nothing to compile - all classes are up to date.
[INFO] 
[INFO] <<< spring-boot:3.3.4:run (default-cli) < test-compile @ demo-rest-api <<<
[INFO] 
[INFO] 
[INFO] --- spring-boot:3.3.4:run (default-cli) @ demo-rest-api ---
[INFO] Attaching agents: []

  .   ____          _            __ _ _
 /\\ / ___'_ __ _ _(_)_ __  __ _ \ \ \ \
( ( )\___ | '_ | '_| | '_ \/ _` | \ \ \ \
 \\/  ___)| |_)| | | | | || (_| |  ) ) ) )
  '  |____| .__|_| |_|_| |_\__, | / / / /
 =========|_|==============|___/=/_/_/_/

 :: Spring Boot ::                (v3.3.4)

2024-09-28T02:29:45.227+08:00  INFO 27368 --- [demo-rest-api] [  restartedMain] c.d.r.d.DemoRestApiApplication           : Starting DemoRestApiApplication using Java 17.0.11 with PID 27368 (C:\Users\Wing\git\springboot\demo-rest-api\target\classes started by Wing in C:\Users\Wing\git\springboot\demo-rest-api)
2024-09-28T02:29:45.233+08:00  INFO 27368 --- [demo-rest-api] [  restartedMain] c.d.r.d.DemoRestApiApplication           : No active profile set, falling back to 1 default profile: "default"
2024-09-28T02:29:45.276+08:00  INFO 27368 --- [demo-rest-api] [  restartedMain] .e.DevToolsPropertyDefaultsPostProcessor : Devtools property defaults active! Set 'spring.devtools.add-properties' to 'false' to disable
2024-09-28T02:29:45.276+08:00  INFO 27368 --- [demo-rest-api] [  restartedMain] .e.DevToolsPropertyDefaultsPostProcessor : For additional web related logging consider setting the 'logging.level.web' property to 'DEBUG'
2024-09-28T02:29:46.054+08:00  INFO 27368 --- [demo-rest-api] [  restartedMain] o.s.b.w.embedded.tomcat.TomcatWebServer  : Tomcat initialized with port 8080 (http)
2024-09-28T02:29:46.064+08:00  INFO 27368 --- [demo-rest-api] [  restartedMain] o.apache.catalina.core.StandardService   : Starting service [Tomcat]
2024-09-28T02:29:46.065+08:00  INFO 27368 --- [demo-rest-api] [  restartedMain] o.apache.catalina.core.StandardEngine    : Starting Servlet engine: [Apache Tomcat/10.1.30]
2024-09-28T02:29:46.095+08:00  INFO 27368 --- [demo-rest-api] [  restartedMain] o.a.c.c.C.[Tomcat].[localhost].[/]       : Initializing Spring embedded WebApplicationContext
2024-09-28T02:29:46.096+08:00  INFO 27368 --- [demo-rest-api] [  restartedMain] w.s.c.ServletWebServerApplicationContext : Root WebApplicationContext: initialization completed in 818 ms
2024-09-28T02:29:46.308+08:00  INFO 27368 --- [demo-rest-api] [  restartedMain] o.s.b.d.a.OptionalLiveReloadServer       : LiveReload server is running on port 35729
2024-09-28T02:29:46.327+08:00  INFO 27368 --- [demo-rest-api] [  restartedMain] o.s.b.w.embedded.tomcat.TomcatWebServer  : Tomcat started on port 8080 (http) with context path '/'
2024-09-28T02:29:46.334+08:00  INFO 27368 --- [demo-rest-api] [  restartedMain] c.d.r.d.DemoRestApiApplication           : Started DemoRestApiApplication in 1.367 seconds (process running for 1.7)
2024-09-28T02:29:57.217+08:00  INFO 27368 --- [demo-rest-api] [nio-8080-exec-1] o.a.c.c.C.[Tomcat].[localhost].[/]       : Initializing Spring DispatcherServlet 'dispatcherServlet'
2024-09-28T02:29:57.217+08:00  INFO 27368 --- [demo-rest-api] [nio-8080-exec-1] o.s.web.servlet.DispatcherServlet        : Initializing Servlet 'dispatcherServlet'
2024-09-28T02:29:57.217+08:00  INFO 27368 --- [demo-rest-api] [nio-8080-exec-1] o.s.web.servlet.DispatcherServlet        : Completed initialization in 0 ms
