[INFO] Scanning for projects...
[INFO] 
[INFO] -------------< com.example.calculator:demo-sb-calculator >--------------
[INFO] Building demo-sb-calculator 0.0.1-SNAPSHOT
[INFO]   from pom.xml
[INFO] --------------------------------[ jar ]---------------------------------
[INFO] 
[INFO] >>> spring-boot:3.3.4:run (default-cli) > test-compile @ demo-sb-calculator >>>
[INFO] 
[INFO] --- resources:3.3.1:resources (default-resources) @ demo-sb-calculator ---
[INFO] Copying 1 resource from src\main\resources to target\classes
[INFO] Copying 0 resource from src\main\resources to target\classes
[INFO] 
[INFO] --- compiler:3.13.0:compile (default-compile) @ demo-sb-calculator ---
[INFO] Nothing to compile - all classes are up to date.
[INFO] 
[INFO] --- resources:3.3.1:testResources (default-testResources) @ demo-sb-calculator ---
[INFO] skip non existing resourceDirectory C:\Users\Wing\git\springboot\demo-sb-calculator\src\test\resources
[INFO] 
[INFO] --- compiler:3.13.0:testCompile (default-testCompile) @ demo-sb-calculator ---
[INFO] Nothing to compile - all classes are up to date.
[INFO] 
[INFO] <<< spring-boot:3.3.4:run (default-cli) < test-compile @ demo-sb-calculator <<<
[INFO] 
[INFO] 
[INFO] --- spring-boot:3.3.4:run (default-cli) @ demo-sb-calculator ---
[INFO] Attaching agents: []

  .   ____          _            __ _ _
 /\\ / ___'_ __ _ _(_)_ __  __ _ \ \ \ \
( ( )\___ | '_ | '_| | '_ \/ _` | \ \ \ \
 \\/  ___)| |_)| | | | | || (_| |  ) ) ) )
  '  |____| .__|_| |_|_| |_\__, | / / / /
 =========|_|==============|___/=/_/_/_/

 :: Spring Boot ::                (v3.3.4)

2024-10-02T00:16:15.382+08:00  INFO 5092 --- [demo-sb-calculator] [  restartedMain] c.e.c.d.DemoSbCalculatorApplication      : Starting DemoSbCalculatorApplication using Java 17.0.11 with PID 5092 (C:\Users\Wing\git\springboot\demo-sb-calculator\target\classes started by Wing in C:\Users\Wing\git\springboot\demo-sb-calculator)
2024-10-02T00:16:15.382+08:00  INFO 5092 --- [demo-sb-calculator] [  restartedMain] c.e.c.d.DemoSbCalculatorApplication      : No active profile set, falling back to 1 default profile: "default"
2024-10-02T00:16:15.470+08:00  INFO 5092 --- [demo-sb-calculator] [  restartedMain] .e.DevToolsPropertyDefaultsPostProcessor : Devtools property defaults active! Set 'spring.devtools.add-properties' to 'false' to disable
2024-10-02T00:16:15.470+08:00  INFO 5092 --- [demo-sb-calculator] [  restartedMain] .e.DevToolsPropertyDefaultsPostProcessor : For additional web related logging consider setting the 'logging.level.web' property to 'DEBUG'
2024-10-02T00:16:16.683+08:00  INFO 5092 --- [demo-sb-calculator] [  restartedMain] o.s.b.w.embedded.tomcat.TomcatWebServer  : Tomcat initialized with port 8080 (http)
2024-10-02T00:16:16.705+08:00  INFO 5092 --- [demo-sb-calculator] [  restartedMain] o.apache.catalina.core.StandardService   : Starting service [Tomcat]
2024-10-02T00:16:16.705+08:00  INFO 5092 --- [demo-sb-calculator] [  restartedMain] o.apache.catalina.core.StandardEngine    : Starting Servlet engine: [Apache Tomcat/10.1.30]
2024-10-02T00:16:16.756+08:00  INFO 5092 --- [demo-sb-calculator] [  restartedMain] o.a.c.c.C.[Tomcat].[localhost].[/]       : Initializing Spring embedded WebApplicationContext
2024-10-02T00:16:16.756+08:00  INFO 5092 --- [demo-sb-calculator] [  restartedMain] w.s.c.ServletWebServerApplicationContext : Root WebApplicationContext: initialization completed in 1284 ms
2024-10-02T00:16:17.227+08:00  INFO 5092 --- [demo-sb-calculator] [  restartedMain] o.s.b.d.a.OptionalLiveReloadServer       : LiveReload server is running on port 35729
2024-10-02T00:16:17.274+08:00  INFO 5092 --- [demo-sb-calculator] [  restartedMain] o.s.b.w.embedded.tomcat.TomcatWebServer  : Tomcat started on port 8080 (http) with context path '/'
2024-10-02T00:16:17.285+08:00  INFO 5092 --- [demo-sb-calculator] [  restartedMain] c.e.c.d.DemoSbCalculatorApplication      : Started DemoSbCalculatorApplication in 2.321 seconds (process running for 2.782)
org.springframework.boot.web.servlet.context.AnnotationConfigServletWebServerApplicationContext@66e8295a, started on Wed Oct 02 00:16:15 HKT 2024
2024-10-02T00:25:36.838+08:00  INFO 5092 --- [demo-sb-calculator] [nio-8080-exec-1] o.a.c.c.C.[Tomcat].[localhost].[/]       : Initializing Spring DispatcherServlet 'dispatcherServlet'
2024-10-02T00:25:36.839+08:00  INFO 5092 --- [demo-sb-calculator] [nio-8080-exec-1] o.s.web.servlet.DispatcherServlet        : Initializing Servlet 'dispatcherServlet'
2024-10-02T00:25:36.840+08:00  INFO 5092 --- [demo-sb-calculator] [nio-8080-exec-1] o.s.web.servlet.DispatcherServlet        : Completed initialization in 1 ms
2024-10-02T00:26:56.216+08:00  INFO 5092 --- [demo-sb-calculator] [   File Watcher] rtingClassPathChangeChangedEventListener : Restarting due to 28 class path changes (0 additions, 1 deletion, 27 modifications)

  .   ____          _            __ _ _
 /\\ / ___'_ __ _ _(_)_ __  __ _ \ \ \ \
( ( )\___ | '_ | '_| | '_ \/ _` | \ \ \ \
 \\/  ___)| |_)| | | | | || (_| |  ) ) ) )
  '  |____| .__|_| |_|_| |_\__, | / / / /
 =========|_|==============|___/=/_/_/_/

 :: Spring Boot ::                (v3.3.4)

2024-10-02T00:26:56.726+08:00  INFO 5092 --- [demo-sb-calculator] [  restartedMain] c.e.c.d.DemoSbCalculatorApplication      : Starting DemoSbCalculatorApplication using Java 17.0.11 with PID 5092 (C:\Users\Wing\git\springboot\demo-sb-calculator\target\classes started by Wing in C:\Users\Wing\git\springboot\demo-sb-calculator)
2024-10-02T00:26:56.727+08:00  INFO 5092 --- [demo-sb-calculator] [  restartedMain] c.e.c.d.DemoSbCalculatorApplication      : No active profile set, falling back to 1 default profile: "default"
2024-10-02T00:26:57.407+08:00  INFO 5092 --- [demo-sb-calculator] [  restartedMain] o.s.b.w.embedded.tomcat.TomcatWebServer  : Tomcat initialized with port 8080 (http)
2024-10-02T00:26:57.407+08:00  INFO 5092 --- [demo-sb-calculator] [  restartedMain] o.apache.catalina.core.StandardService   : Starting service [Tomcat]
2024-10-02T00:26:57.409+08:00  INFO 5092 --- [demo-sb-calculator] [  restartedMain] o.apache.catalina.core.StandardEngine    : Starting Servlet engine: [Apache Tomcat/10.1.30]
2024-10-02T00:26:57.425+08:00  INFO 5092 --- [demo-sb-calculator] [  restartedMain] o.a.c.c.C.[Tomcat].[localhost].[/]       : Initializing Spring embedded WebApplicationContext
2024-10-02T00:26:57.425+08:00  INFO 5092 --- [demo-sb-calculator] [  restartedMain] w.s.c.ServletWebServerApplicationContext : Root WebApplicationContext: initialization completed in 693 ms
2024-10-02T00:26:57.559+08:00  INFO 5092 --- [demo-sb-calculator] [  restartedMain] o.s.b.d.a.OptionalLiveReloadServer       : LiveReload server is running on port 35729
2024-10-02T00:26:57.568+08:00  INFO 5092 --- [demo-sb-calculator] [  restartedMain] o.s.b.w.embedded.tomcat.TomcatWebServer  : Tomcat started on port 8080 (http) with context path '/'
2024-10-02T00:26:57.568+08:00  INFO 5092 --- [demo-sb-calculator] [  restartedMain] c.e.c.d.DemoSbCalculatorApplication      : Started DemoSbCalculatorApplication in 0.909 seconds (process running for 643.074)
2024-10-02T00:26:57.579+08:00  INFO 5092 --- [demo-sb-calculator] [  restartedMain] .ConditionEvaluationDeltaLoggingListener : Condition evaluation unchanged
org.springframework.boot.web.servlet.context.AnnotationConfigServletWebServerApplicationContext@6ce73ea3, started on Wed Oct 02 00:26:56 HKT 2024
2024-10-02T00:26:59.011+08:00  INFO 5092 --- [demo-sb-calculator] [   File Watcher] rtingClassPathChangeChangedEventListener : Restarting due to 1 class path change (1 addition, 0 deletions, 0 modifications)

  .   ____          _            __ _ _
 /\\ / ___'_ __ _ _(_)_ __  __ _ \ \ \ \
( ( )\___ | '_ | '_| | '_ \/ _` | \ \ \ \
 \\/  ___)| |_)| | | | | || (_| |  ) ) ) )
  '  |____| .__|_| |_|_| |_\__, | / / / /
 =========|_|==============|___/=/_/_/_/

 :: Spring Boot ::                (v3.3.4)

2024-10-02T00:26:59.244+08:00  INFO 5092 --- [demo-sb-calculator] [  restartedMain] c.e.c.d.DemoSbCalculatorApplication      : Starting DemoSbCalculatorApplication using Java 17.0.11 with PID 5092 (C:\Users\Wing\git\springboot\demo-sb-calculator\target\classes started by Wing in C:\Users\Wing\git\springboot\demo-sb-calculator)
2024-10-02T00:26:59.244+08:00  INFO 5092 --- [demo-sb-calculator] [  restartedMain] c.e.c.d.DemoSbCalculatorApplication      : No active profile set, falling back to 1 default profile: "default"
2024-10-02T00:26:59.435+08:00  INFO 5092 --- [demo-sb-calculator] [  restartedMain] o.s.b.w.embedded.tomcat.TomcatWebServer  : Tomcat initialized with port 8080 (http)
2024-10-02T00:26:59.435+08:00  INFO 5092 --- [demo-sb-calculator] [  restartedMain] o.apache.catalina.core.StandardService   : Starting service [Tomcat]
2024-10-02T00:26:59.436+08:00  INFO 5092 --- [demo-sb-calculator] [  restartedMain] o.apache.catalina.core.StandardEngine    : Starting Servlet engine: [Apache Tomcat/10.1.30]
2024-10-02T00:26:59.449+08:00  INFO 5092 --- [demo-sb-calculator] [  restartedMain] o.a.c.c.C.[Tomcat].[localhost].[/]       : Initializing Spring embedded WebApplicationContext
2024-10-02T00:26:59.449+08:00  INFO 5092 --- [demo-sb-calculator] [  restartedMain] w.s.c.ServletWebServerApplicationContext : Root WebApplicationContext: initialization completed in 203 ms
2024-10-02T00:26:59.507+08:00  INFO 5092 --- [demo-sb-calculator] [  restartedMain] o.s.b.d.a.OptionalLiveReloadServer       : LiveReload server is running on port 35729
2024-10-02T00:26:59.513+08:00  INFO 5092 --- [demo-sb-calculator] [  restartedMain] o.s.b.w.embedded.tomcat.TomcatWebServer  : Tomcat started on port 8080 (http) with context path '/'
2024-10-02T00:26:59.516+08:00  INFO 5092 --- [demo-sb-calculator] [  restartedMain] c.e.c.d.DemoSbCalculatorApplication      : Started DemoSbCalculatorApplication in 0.298 seconds (process running for 645.014)
2024-10-02T00:26:59.517+08:00  INFO 5092 --- [demo-sb-calculator] [  restartedMain] .ConditionEvaluationDeltaLoggingListener : Condition evaluation unchanged
org.springframework.boot.web.servlet.context.AnnotationConfigServletWebServerApplicationContext@259b491, started on Wed Oct 02 00:26:59 HKT 2024
2024-10-02T00:27:13.713+08:00  INFO 5092 --- [demo-sb-calculator] [nio-8080-exec-1] o.a.c.c.C.[Tomcat].[localhost].[/]       : Initializing Spring DispatcherServlet 'dispatcherServlet'
2024-10-02T00:27:13.713+08:00  INFO 5092 --- [demo-sb-calculator] [nio-8080-exec-1] o.s.web.servlet.DispatcherServlet        : Initializing Servlet 'dispatcherServlet'
2024-10-02T00:27:13.714+08:00  INFO 5092 --- [demo-sb-calculator] [nio-8080-exec-1] o.s.web.servlet.DispatcherServlet        : Completed initialization in 1 ms
2024-10-02T00:28:15.845+08:00  INFO 5092 --- [demo-sb-calculator] [   File Watcher] rtingClassPathChangeChangedEventListener : Restarting due to 28 class path changes (0 additions, 27 deletions, 1 modification)

  .   ____          _            __ _ _
 /\\ / ___'_ __ _ _(_)_ __  __ _ \ \ \ \
( ( )\___ | '_ | '_| | '_ \/ _` | \ \ \ \
 \\/  ___)| |_)| | | | | || (_| |  ) ) ) )
  '  |____| .__|_| |_|_| |_\__, | / / / /
 =========|_|==============|___/=/_/_/_/

 :: Spring Boot ::                (v3.3.4)

2024-10-02T00:28:16.196+08:00  INFO 5092 --- [demo-sb-calculator] [  restartedMain] c.e.c.d.DemoSbCalculatorApplication      : Starting DemoSbCalculatorApplication using Java 17.0.11 with PID 5092 (C:\Users\Wing\git\springboot\demo-sb-calculator\target\classes started by Wing in C:\Users\Wing\git\springboot\demo-sb-calculator)
2024-10-02T00:28:16.196+08:00  INFO 5092 --- [demo-sb-calculator] [  restartedMain] c.e.c.d.DemoSbCalculatorApplication      : No active profile set, falling back to 1 default profile: "default"
2024-10-02T00:28:16.407+08:00  INFO 5092 --- [demo-sb-calculator] [  restartedMain] o.s.b.w.embedded.tomcat.TomcatWebServer  : Tomcat initialized with port 8080 (http)
2024-10-02T00:28:16.408+08:00  INFO 5092 --- [demo-sb-calculator] [  restartedMain] o.apache.catalina.core.StandardService   : Starting service [Tomcat]
2024-10-02T00:28:16.408+08:00  INFO 5092 --- [demo-sb-calculator] [  restartedMain] o.apache.catalina.core.StandardEngine    : Starting Servlet engine: [Apache Tomcat/10.1.30]
2024-10-02T00:28:16.422+08:00  INFO 5092 --- [demo-sb-calculator] [  restartedMain] o.a.c.c.C.[Tomcat].[localhost].[/]       : Initializing Spring embedded WebApplicationContext
2024-10-02T00:28:16.423+08:00  INFO 5092 --- [demo-sb-calculator] [  restartedMain] w.s.c.ServletWebServerApplicationContext : Root WebApplicationContext: initialization completed in 224 ms
2024-10-02T00:28:16.481+08:00  INFO 5092 --- [demo-sb-calculator] [  restartedMain] o.s.b.d.a.OptionalLiveReloadServer       : LiveReload server is running on port 35729
2024-10-02T00:28:16.488+08:00  INFO 5092 --- [demo-sb-calculator] [  restartedMain] o.s.b.w.embedded.tomcat.TomcatWebServer  : Tomcat started on port 8080 (http) with context path '/'
2024-10-02T00:28:16.492+08:00  INFO 5092 --- [demo-sb-calculator] [  restartedMain] c.e.c.d.DemoSbCalculatorApplication      : Started DemoSbCalculatorApplication in 0.335 seconds (process running for 721.99)
2024-10-02T00:28:16.493+08:00  INFO 5092 --- [demo-sb-calculator] [  restartedMain] .ConditionEvaluationDeltaLoggingListener : Condition evaluation unchanged
org.springframework.boot.web.servlet.context.AnnotationConfigServletWebServerApplicationContext@4c5760a0, started on Wed Oct 02 00:28:16 HKT 2024
2024-10-02T00:28:18.931+08:00  INFO 5092 --- [demo-sb-calculator] [   File Watcher] rtingClassPathChangeChangedEventListener : Restarting due to 27 class path changes (27 additions, 0 deletions, 0 modifications)

  .   ____          _            __ _ _
 /\\ / ___'_ __ _ _(_)_ __  __ _ \ \ \ \
( ( )\___ | '_ | '_| | '_ \/ _` | \ \ \ \
 \\/  ___)| |_)| | | | | || (_| |  ) ) ) )
  '  |____| .__|_| |_|_| |_\__, | / / / /
 =========|_|==============|___/=/_/_/_/

 :: Spring Boot ::                (v3.3.4)

2024-10-02T00:28:19.180+08:00  INFO 5092 --- [demo-sb-calculator] [  restartedMain] c.e.c.d.DemoSbCalculatorApplication      : Starting DemoSbCalculatorApplication using Java 17.0.11 with PID 5092 (C:\Users\Wing\git\springboot\demo-sb-calculator\target\classes started by Wing in C:\Users\Wing\git\springboot\demo-sb-calculator)
2024-10-02T00:28:19.180+08:00  INFO 5092 --- [demo-sb-calculator] [  restartedMain] c.e.c.d.DemoSbCalculatorApplication      : No active profile set, falling back to 1 default profile: "default"
2024-10-02T00:28:19.440+08:00  INFO 5092 --- [demo-sb-calculator] [  restartedMain] o.s.b.w.embedded.tomcat.TomcatWebServer  : Tomcat initialized with port 8080 (http)
2024-10-02T00:28:19.441+08:00  INFO 5092 --- [demo-sb-calculator] [  restartedMain] o.apache.catalina.core.StandardService   : Starting service [Tomcat]
2024-10-02T00:28:19.441+08:00  INFO 5092 --- [demo-sb-calculator] [  restartedMain] o.apache.catalina.core.StandardEngine    : Starting Servlet engine: [Apache Tomcat/10.1.30]
2024-10-02T00:28:19.456+08:00  INFO 5092 --- [demo-sb-calculator] [  restartedMain] o.a.c.c.C.[Tomcat].[localhost].[/]       : Initializing Spring embedded WebApplicationContext
2024-10-02T00:28:19.456+08:00  INFO 5092 --- [demo-sb-calculator] [  restartedMain] w.s.c.ServletWebServerApplicationContext : Root WebApplicationContext: initialization completed in 274 ms
2024-10-02T00:28:19.525+08:00  INFO 5092 --- [demo-sb-calculator] [  restartedMain] o.s.b.d.a.OptionalLiveReloadServer       : LiveReload server is running on port 35729
2024-10-02T00:28:19.532+08:00  INFO 5092 --- [demo-sb-calculator] [  restartedMain] o.s.b.w.embedded.tomcat.TomcatWebServer  : Tomcat started on port 8080 (http) with context path '/'
2024-10-02T00:28:19.536+08:00  INFO 5092 --- [demo-sb-calculator] [  restartedMain] c.e.c.d.DemoSbCalculatorApplication      : Started DemoSbCalculatorApplication in 0.378 seconds (process running for 725.034)
2024-10-02T00:28:19.537+08:00  INFO 5092 --- [demo-sb-calculator] [  restartedMain] .ConditionEvaluationDeltaLoggingListener : Condition evaluation unchanged
org.springframework.boot.web.servlet.context.AnnotationConfigServletWebServerApplicationContext@1d9f76bc, started on Wed Oct 02 00:28:19 HKT 2024
2024-10-02T00:28:26.094+08:00  INFO 5092 --- [demo-sb-calculator] [   File Watcher] rtingClassPathChangeChangedEventListener : Restarting due to 28 class path changes (0 additions, 27 deletions, 1 modification)

  .   ____          _            __ _ _
 /\\ / ___'_ __ _ _(_)_ __  __ _ \ \ \ \
( ( )\___ | '_ | '_| | '_ \/ _` | \ \ \ \
 \\/  ___)| |_)| | | | | || (_| |  ) ) ) )
  '  |____| .__|_| |_|_| |_\__, | / / / /
 =========|_|==============|___/=/_/_/_/

 :: Spring Boot ::                (v3.3.4)

2024-10-02T00:28:26.381+08:00  INFO 5092 --- [demo-sb-calculator] [  restartedMain] c.e.c.d.DemoSbCalculatorApplication      : Starting DemoSbCalculatorApplication using Java 17.0.11 with PID 5092 (C:\Users\Wing\git\springboot\demo-sb-calculator\target\classes started by Wing in C:\Users\Wing\git\springboot\demo-sb-calculator)
2024-10-02T00:28:26.381+08:00  INFO 5092 --- [demo-sb-calculator] [  restartedMain] c.e.c.d.DemoSbCalculatorApplication      : No active profile set, falling back to 1 default profile: "default"
2024-10-02T00:28:26.577+08:00  INFO 5092 --- [demo-sb-calculator] [  restartedMain] o.s.b.w.embedded.tomcat.TomcatWebServer  : Tomcat initialized with port 8080 (http)
2024-10-02T00:28:26.578+08:00  INFO 5092 --- [demo-sb-calculator] [  restartedMain] o.apache.catalina.core.StandardService   : Starting service [Tomcat]
2024-10-02T00:28:26.578+08:00  INFO 5092 --- [demo-sb-calculator] [  restartedMain] o.apache.catalina.core.StandardEngine    : Starting Servlet engine: [Apache Tomcat/10.1.30]
2024-10-02T00:28:26.594+08:00  INFO 5092 --- [demo-sb-calculator] [  restartedMain] o.a.c.c.C.[Tomcat].[localhost].[/]       : Initializing Spring embedded WebApplicationContext
2024-10-02T00:28:26.596+08:00  INFO 5092 --- [demo-sb-calculator] [  restartedMain] w.s.c.ServletWebServerApplicationContext : Root WebApplicationContext: initialization completed in 214 ms
2024-10-02T00:28:26.651+08:00  INFO 5092 --- [demo-sb-calculator] [  restartedMain] o.s.b.d.a.OptionalLiveReloadServer       : LiveReload server is running on port 35729
2024-10-02T00:28:26.658+08:00  INFO 5092 --- [demo-sb-calculator] [  restartedMain] o.s.b.w.embedded.tomcat.TomcatWebServer  : Tomcat started on port 8080 (http) with context path '/'
2024-10-02T00:28:26.662+08:00  INFO 5092 --- [demo-sb-calculator] [  restartedMain] c.e.c.d.DemoSbCalculatorApplication      : Started DemoSbCalculatorApplication in 0.308 seconds (process running for 732.16)
2024-10-02T00:28:26.663+08:00  INFO 5092 --- [demo-sb-calculator] [  restartedMain] .ConditionEvaluationDeltaLoggingListener : Condition evaluation unchanged
org.springframework.boot.web.servlet.context.AnnotationConfigServletWebServerApplicationContext@4522623b, started on Wed Oct 02 00:28:26 HKT 2024
2024-10-02T00:28:29.517+08:00  INFO 5092 --- [demo-sb-calculator] [   File Watcher] rtingClassPathChangeChangedEventListener : Restarting due to 27 class path changes (27 additions, 0 deletions, 0 modifications)

  .   ____          _            __ _ _
 /\\ / ___'_ __ _ _(_)_ __  __ _ \ \ \ \
( ( )\___ | '_ | '_| | '_ \/ _` | \ \ \ \
 \\/  ___)| |_)| | | | | || (_| |  ) ) ) )
  '  |____| .__|_| |_|_| |_\__, | / / / /
 =========|_|==============|___/=/_/_/_/

 :: Spring Boot ::                (v3.3.4)

2024-10-02T00:28:29.768+08:00  INFO 5092 --- [demo-sb-calculator] [  restartedMain] c.e.c.d.DemoSbCalculatorApplication      : Starting DemoSbCalculatorApplication using Java 17.0.11 with PID 5092 (C:\Users\Wing\git\springboot\demo-sb-calculator\target\classes started by Wing in C:\Users\Wing\git\springboot\demo-sb-calculator)
2024-10-02T00:28:29.768+08:00  INFO 5092 --- [demo-sb-calculator] [  restartedMain] c.e.c.d.DemoSbCalculatorApplication      : No active profile set, falling back to 1 default profile: "default"
2024-10-02T00:28:29.967+08:00  INFO 5092 --- [demo-sb-calculator] [  restartedMain] o.s.b.w.embedded.tomcat.TomcatWebServer  : Tomcat initialized with port 8080 (http)
2024-10-02T00:28:29.968+08:00  INFO 5092 --- [demo-sb-calculator] [  restartedMain] o.apache.catalina.core.StandardService   : Starting service [Tomcat]
2024-10-02T00:28:29.968+08:00  INFO 5092 --- [demo-sb-calculator] [  restartedMain] o.apache.catalina.core.StandardEngine    : Starting Servlet engine: [Apache Tomcat/10.1.30]
2024-10-02T00:28:29.981+08:00  INFO 5092 --- [demo-sb-calculator] [  restartedMain] o.a.c.c.C.[Tomcat].[localhost].[/]       : Initializing Spring embedded WebApplicationContext
2024-10-02T00:28:29.981+08:00  INFO 5092 --- [demo-sb-calculator] [  restartedMain] w.s.c.ServletWebServerApplicationContext : Root WebApplicationContext: initialization completed in 211 ms
2024-10-02T00:28:30.045+08:00  INFO 5092 --- [demo-sb-calculator] [  restartedMain] o.s.b.d.a.OptionalLiveReloadServer       : LiveReload server is running on port 35729
2024-10-02T00:28:30.050+08:00  INFO 5092 --- [demo-sb-calculator] [  restartedMain] o.s.b.w.embedded.tomcat.TomcatWebServer  : Tomcat started on port 8080 (http) with context path '/'
2024-10-02T00:28:30.053+08:00  INFO 5092 --- [demo-sb-calculator] [  restartedMain] c.e.c.d.DemoSbCalculatorApplication      : Started DemoSbCalculatorApplication in 0.306 seconds (process running for 735.551)
2024-10-02T00:28:30.054+08:00  INFO 5092 --- [demo-sb-calculator] [  restartedMain] .ConditionEvaluationDeltaLoggingListener : Condition evaluation unchanged
org.springframework.boot.web.servlet.context.AnnotationConfigServletWebServerApplicationContext@693bfe02, started on Wed Oct 02 00:28:29 HKT 2024
2024-10-02T00:34:23.073+08:00  INFO 5092 --- [demo-sb-calculator] [   File Watcher] rtingClassPathChangeChangedEventListener : Restarting due to 28 class path changes (0 additions, 1 deletion, 27 modifications)

  .   ____          _            __ _ _
 /\\ / ___'_ __ _ _(_)_ __  __ _ \ \ \ \
( ( )\___ | '_ | '_| | '_ \/ _` | \ \ \ \
 \\/  ___)| |_)| | | | | || (_| |  ) ) ) )
  '  |____| .__|_| |_|_| |_\__, | / / / /
 =========|_|==============|___/=/_/_/_/

 :: Spring Boot ::                (v3.3.4)

2024-10-02T00:34:23.382+08:00  INFO 5092 --- [demo-sb-calculator] [  restartedMain] c.e.c.d.DemoSbCalculatorApplication      : Starting DemoSbCalculatorApplication using Java 17.0.11 with PID 5092 (C:\Users\Wing\git\springboot\demo-sb-calculator\target\classes started by Wing in C:\Users\Wing\git\springboot\demo-sb-calculator)
2024-10-02T00:34:23.384+08:00  INFO 5092 --- [demo-sb-calculator] [  restartedMain] c.e.c.d.DemoSbCalculatorApplication      : No active profile set, falling back to 1 default profile: "default"
2024-10-02T00:34:23.621+08:00  INFO 5092 --- [demo-sb-calculator] [  restartedMain] o.s.b.w.embedded.tomcat.TomcatWebServer  : Tomcat initialized with port 8080 (http)
2024-10-02T00:34:23.621+08:00  INFO 5092 --- [demo-sb-calculator] [  restartedMain] o.apache.catalina.core.StandardService   : Starting service [Tomcat]
2024-10-02T00:34:23.621+08:00  INFO 5092 --- [demo-sb-calculator] [  restartedMain] o.apache.catalina.core.StandardEngine    : Starting Servlet engine: [Apache Tomcat/10.1.30]
2024-10-02T00:34:23.639+08:00  INFO 5092 --- [demo-sb-calculator] [  restartedMain] o.a.c.c.C.[Tomcat].[localhost].[/]       : Initializing Spring embedded WebApplicationContext
2024-10-02T00:34:23.639+08:00  INFO 5092 --- [demo-sb-calculator] [  restartedMain] w.s.c.ServletWebServerApplicationContext : Root WebApplicationContext: initialization completed in 254 ms
2024-10-02T00:34:23.693+08:00  INFO 5092 --- [demo-sb-calculator] [  restartedMain] o.s.b.d.a.OptionalLiveReloadServer       : LiveReload server is running on port 35729
2024-10-02T00:34:23.701+08:00  INFO 5092 --- [demo-sb-calculator] [  restartedMain] o.s.b.w.embedded.tomcat.TomcatWebServer  : Tomcat started on port 8080 (http) with context path '/'
2024-10-02T00:34:23.707+08:00  INFO 5092 --- [demo-sb-calculator] [  restartedMain] c.e.c.d.DemoSbCalculatorApplication      : Started DemoSbCalculatorApplication in 0.358 seconds (process running for 1089.205)
2024-10-02T00:34:23.708+08:00  INFO 5092 --- [demo-sb-calculator] [  restartedMain] .ConditionEvaluationDeltaLoggingListener : Condition evaluation unchanged
org.springframework.boot.web.servlet.context.AnnotationConfigServletWebServerApplicationContext@26388098, started on Wed Oct 02 00:34:23 HKT 2024
2024-10-02T00:34:25.143+08:00  INFO 5092 --- [demo-sb-calculator] [   File Watcher] rtingClassPathChangeChangedEventListener : Restarting due to 1 class path change (1 addition, 0 deletions, 0 modifications)

  .   ____          _            __ _ _
 /\\ / ___'_ __ _ _(_)_ __  __ _ \ \ \ \
( ( )\___ | '_ | '_| | '_ \/ _` | \ \ \ \
 \\/  ___)| |_)| | | | | || (_| |  ) ) ) )
  '  |____| .__|_| |_|_| |_\__, | / / / /
 =========|_|==============|___/=/_/_/_/

 :: Spring Boot ::                (v3.3.4)

2024-10-02T00:34:25.335+08:00  INFO 5092 --- [demo-sb-calculator] [  restartedMain] c.e.c.d.DemoSbCalculatorApplication      : Starting DemoSbCalculatorApplication using Java 17.0.11 with PID 5092 (C:\Users\Wing\git\springboot\demo-sb-calculator\target\classes started by Wing in C:\Users\Wing\git\springboot\demo-sb-calculator)
2024-10-02T00:34:25.335+08:00  INFO 5092 --- [demo-sb-calculator] [  restartedMain] c.e.c.d.DemoSbCalculatorApplication      : No active profile set, falling back to 1 default profile: "default"
2024-10-02T00:34:25.477+08:00  INFO 5092 --- [demo-sb-calculator] [  restartedMain] o.s.b.w.embedded.tomcat.TomcatWebServer  : Tomcat initialized with port 8080 (http)
2024-10-02T00:34:25.477+08:00  INFO 5092 --- [demo-sb-calculator] [  restartedMain] o.apache.catalina.core.StandardService   : Starting service [Tomcat]
2024-10-02T00:34:25.477+08:00  INFO 5092 --- [demo-sb-calculator] [  restartedMain] o.apache.catalina.core.StandardEngine    : Starting Servlet engine: [Apache Tomcat/10.1.30]
2024-10-02T00:34:25.487+08:00  INFO 5092 --- [demo-sb-calculator] [  restartedMain] o.a.c.c.C.[Tomcat].[localhost].[/]       : Initializing Spring embedded WebApplicationContext
2024-10-02T00:34:25.487+08:00  INFO 5092 --- [demo-sb-calculator] [  restartedMain] w.s.c.ServletWebServerApplicationContext : Root WebApplicationContext: initialization completed in 151 ms
2024-10-02T00:34:25.532+08:00  INFO 5092 --- [demo-sb-calculator] [  restartedMain] o.s.b.d.a.OptionalLiveReloadServer       : LiveReload server is running on port 35729
2024-10-02T00:34:25.537+08:00  INFO 5092 --- [demo-sb-calculator] [  restartedMain] o.s.b.w.embedded.tomcat.TomcatWebServer  : Tomcat started on port 8080 (http) with context path '/'
2024-10-02T00:34:25.540+08:00  INFO 5092 --- [demo-sb-calculator] [  restartedMain] c.e.c.d.DemoSbCalculatorApplication      : Started DemoSbCalculatorApplication in 0.219 seconds (process running for 1091.037)
2024-10-02T00:34:25.540+08:00  INFO 5092 --- [demo-sb-calculator] [  restartedMain] .ConditionEvaluationDeltaLoggingListener : Condition evaluation unchanged
org.springframework.boot.web.servlet.context.AnnotationConfigServletWebServerApplicationContext@345955a4, started on Wed Oct 02 00:34:25 HKT 2024
